
> vibe-generated-app@1.0.0 dev
> vite


  VITE v5.4.20  ready in 378 ms

  ➜  Local:   http://localhost:3000/
  ➜  Network: http://172.20.52.82:3000/
6:58:08 AM [vite] Pre-transform error: Transform failed with 1 error:
/home/workspace/src/components/CosmicBackground.jsx:44:75: ERROR: Expected "}" but found "as"
6:58:08 AM [vite] ✨ new dependencies optimized: @splinetool/react-spline, lucide-react
6:58:08 AM [vite] ✨ optimized dependencies changed. reloading
6:58:09 AM [vite] Pre-transform error: Transform failed with 1 error:
/home/workspace/src/components/CosmicBackground.jsx:44:75: ERROR: Expected "}" but found "as"
The file does not exist at "/home/workspace/node_modules/.vite/deps/chunk-I4MZPW7S.js?v=35394813" which is in the optimize deps directory. The dependency might be incompatible with the dep optimizer. Try adding it to `optimizeDeps.exclude`.
6:58:10 AM [vite] Internal server error: Transform failed with 1 error:
/home/workspace/src/components/CosmicBackground.jsx:44:75: ERROR: Expected "}" but found "as"
  Plugin: vite:esbuild
  File: /home/workspace/src/components/CosmicBackground.jsx:44:75
  
  Expected "}" but found "as"
  42 |            top: `${top}%`,
  43 |            opacity: 0.9,
  44 |            animation: `twinkle ${duration}s ease-in-out ${delay}s infinite` as any,
     |                                                                             ^
  45 |          }}
  46 |        />
  
      at failureErrorWithLog (/home/workspace/node_modules/esbuild/lib/main.js:1472:15)
      at /home/workspace/node_modules/esbuild/lib/main.js:755:50
      at responseCallbacks.<computed> (/home/workspace/node_modules/esbuild/lib/main.js:622:9)
      at handleIncomingPacket (/home/workspace/node_modules/esbuild/lib/main.js:677:12)
      at Socket.readFromStdout (/home/workspace/node_modules/esbuild/lib/main.js:600:7)
      at Socket.emit (node:events:508:28)
      at addChunk (node:internal/streams/readable:559:12)
      at readableAddChunkPushByteMode (node:internal/streams/readable:510:3)
      at Readable.push (node:internal/streams/readable:390:5)
      at Pipe.onStreamRead (node:internal/stream_base_commons:189:23)
